17:14:11    3964 --> ...                                                          [tcl] ucliGUI::start /home1/msc30y20/Desktop/TestBench/Behavioral/simv -ucligui 
17:14:11    3965 --> ...                                                              [tcl] set ucliGUI::state
17:14:11    3966 --> ...                                                                  [tcl] gui_update_simulator_buttons
17:14:12    3967 --> ...                                                                      [tcl] set ucliGUI::state
17:14:12    3968 --> ...                                                                          [tcl] ucliCore::getToolPID
17:14:12    3969 --> ...                                                                              [tcl] synopsys::env hasTB
17:14:12    3970 --> ...                                                                                  [tcl] trigger_hier_stack_context_switch 0
17:14:12    3971 --> ...                                                                                      [tcl] synUtils::setDVEInitPhase 1
17:14:12    3972 --> ...                                                                                          [tcl] gui_get_env SIMSETUP::SIMVPD
17:14:12    3973 --> ...                                                                                              [tcl] synopsys::dump -type VPD -file /home1/msc30y20/Desktop/TestBench/Behavioral/inter.vpd -locking
17:14:12    3974 --> ...                                                                                                  [tcl] synopsys::dump -autoflush on -fid VPD23
17:14:12    3975 --> ...  [tcl] set ::dve_fid VPD23
17:14:12    3976 --> ...      [tcl] synUtils::setDVEInitPhase 0
17:14:12    3977 --> ...          [tcl] ucliCore::getToolPID
17:14:12    3978 --> ...              [tcl] synUtils::sendTool -active _icl_setToolSocket /tmp/smlnpQPQBwk
17:14:12    3979 --> ...                  [tcl] synUtils::sendTool -active {_icl_start_rpc -version "I-2014.03-SP1" -sync_file /tmp/vcs_dve_rpc.msc30y20.18197}
17:14:12    3980 --> ...                      [tcl] synUtils::sendTool -active {_icl_createSharedMemory /tmp/vcs_dve_general.msc30y20.18197}
17:14:12    3981 --> ...                          [tcl] config endofsim noexit
17:14:12    3982 --> ...                              [tcl] config onfail enable all
17:14:12    3983 --> ...                                  [tcl] config syscaddplainmembers
17:14:12    3984 --> ...                                      [tcl] config syscaddsourcenames
17:14:12    3985 --> ...                                          [tcl] config syscaddstructtypes
17:14:12    3986 --> ...                                              [tcl] synopsys::listing -disable
17:14:13    3987 --> ...                                                  [tcl] # Begin_DVE_Session_Save_Info
17:14:13    3988 --> ...                                                      [tcl] # DVE restart session
17:14:13    3989 --> ...                                                          [tcl] # Saved on Sat Oct 3 17:14:07 2020
17:14:13    3990 --> ...                                                              [tcl] # Designs open: 1
17:14:13    3991 --> ...                                                                  [tcl] #   Sim: /home1/msc30y20/Desktop/TestBench/Behavioral/simv
17:14:13    3992 --> ...                                                                      [tcl] # Toplevel windows open: 2
17:14:13    3993 --> ...                                                                          [tcl] # 	TopLevel.1
17:14:13    3994 --> ...                                                                              [tcl] # 	TopLevel.2
17:14:13    3995 --> ...                                                                                  [tcl] #   Source.1: TestBench_tb
17:14:13    3996 --> ...                                                                                      [tcl] #   Wave.1: 7 signals
17:14:13    3997 --> ...                                                                                          [tcl] #   Group count = 2
17:14:13    3998 --> ...                                                                                              [tcl] #   Group Group1 signal count = 7
17:14:13    3999 --> ...                                                                                                  [tcl] #   Group Group2 signal count = 7
17:14:13    4000 --> ...  [tcl] # End_DVE_Session_Save_Info
17:14:13    4001 --> ...      [tcl] # DVE version: I-2014.03-SP1
17:14:13    4002 --> ...          [tcl] # DVE build date: Aug 27 2014 20:50:39
17:14:13    4003 --> ...              [tcl] #<Session mode="Restart" path=".restartSimSession.tcl" type="Debug">
17:14:13    4004 --> ...                  [tcl] gui_set_loading_session_type Restart
17:14:13    4005 --> ...                      [tcl] gui_continuetime_set
17:14:13    4006 --> ...                          [tcl] gui_clear_window -type Wave
17:14:13    4007 --> ...                              [tcl] gui_clear_window -type List
17:14:13    4008 --> ...                                  [tcl] # Application preferences
17:14:13    4009 --> ...                                      [tcl] gui_set_pref_value -key app_default_font -value {Helvetica,17,-1,5,50,0,0,0,0,0}
17:14:13    4010 --> ...                                          [tcl] gui_src_preferences -tabstop 8 -maxbits 24 -windownumber 1
17:14:13    4011 --> ...                                              [tcl] #<WindowLayout>
17:14:13    4012 --> ...                                                  [tcl] # DVE top-level session
17:14:13    4013 --> ...                                                      [tcl] # Create and position top-level window: TopLevel.1
17:14:13    4014 --> ...                                                          [tcl] set TopLevel.1 TopLevel.1
17:14:13    4015 --> ...                                                              [tcl] # Docked window settings
17:14:13    4016 --> ...                                                                  [tcl] set HSPane.1 HSPane.1
17:14:13    4017 --> ...                                                                      [tcl] set Hier.1 Hier.1
17:14:13    4018 --> ...                                                                          [tcl] set DLPane.1 DLPane.1
17:14:13    4019 --> ...                                                                              [tcl] set Data.1 Data.1
17:14:13    4020 --> ...                                                                                  [tcl] set Console.1 Console.1
17:14:13    4021 --> ...                                                                                      [tcl] gui_sync_global -id ${TopLevel.1} -option true
17:14:13    4022 --> ...                                                                                          [tcl] # MDI window settings
17:14:13    4023 --> ...                                                                                              [tcl] set Source.1 Source.1
17:14:13    4024 --> ...                                                                                                  [tcl] gui_update_layout -id ${Source.1} {{show_state maximized} {dock_state undocked} {dock_on_new_line false}}
17:14:13    4025 --> ...  [tcl] # End MDI window settings
17:14:13    4026 --> ...      [tcl] # Create and position top-level window: TopLevel.2
17:14:13    4027 --> ...          [tcl] set TopLevel.2 TopLevel.2
17:14:13    4028 --> ...              [tcl] # Docked window settings
17:14:13    4029 --> ...                  [tcl] gui_sync_global -id ${TopLevel.2} -option true
17:14:13    4030 --> ...                      [tcl] # MDI window settings
17:14:13    4031 --> ...                          [tcl] set Wave.1 Wave.1
17:14:13    4032 --> ...                              [tcl] gui_update_layout -id ${Wave.1} {{show_state maximized} {dock_state undocked} {dock_on_new_line false} {child_wave_left 445} {child_wave_right 1084} {child_wave_colname 220} {child_wave_colvalue 221} {child_wave_col1 0} {child_wave_col2 1}}
17:14:13    4033 --> ...                                  [tcl] # End MDI window settings
17:14:13    4034 --> ...                                      [tcl] #</WindowLayout>
17:14:13    4035 --> ...                                          [tcl] #<Database>
17:14:13    4036 --> ...                                              [tcl] gui_set_precision 1s
17:14:19    4037 --> ...                                                  [tcl] gui_set_time_units 1s
17:14:19    4038 --> ...                                                      [tcl] #</Database>
17:14:19    4039 --> ...                                                          [tcl] # DVE Global setting session:
17:14:19    4040 --> ...                                                              [tcl] # Global: Breakpoints
17:14:19    4041 --> ...                                                                  [tcl] # Global: Bus
17:14:19    4042 --> ...                                                                      [tcl] # Global: Expressions
17:14:19    4043 --> ...                                                                          [tcl] # Global: Signal Time Shift
17:14:19    4044 --> ...                                                                              [tcl] # Global: Signal Compare
17:14:19    4045 --> ...                                                                                  [tcl] # Global: Signal Groups
17:14:19    4046 --> ...                                                                                      [tcl] set _session_group_31 Group1
17:14:19    4047 --> ...                                                                                          [tcl] gui_sg_create "$_session_group_31"
17:14:19    4048 --> ...                                                                                              [tcl] set Group1 "$_session_group_31"
17:14:19    4049 --> ...                                                                                                  [tcl] gui_sg_addsignal -group "$_session_group_31" { TestBench_tb.CIN TestBench_tb.B TestBench_tb.A TestBench_tb.S TestBench_tb.COUT TestBench_tb.i TestBench_tb.j }
17:14:19    4050 --> ...  [tcl] gui_set_radix -radix {decimal} -signals {Sim:TestBench_tb.i}
17:14:19    4051 --> ...      [tcl] gui_set_radix -radix {twosComplement} -signals {Sim:TestBench_tb.i}
17:14:19    4052 --> ...          [tcl] gui_set_radix -radix {decimal} -signals {Sim:TestBench_tb.j}
17:14:19    4053 --> ...              [tcl] gui_set_radix -radix {twosComplement} -signals {Sim:TestBench_tb.j}
17:14:19    4054 --> ...                  [tcl] set _session_group_32 Group2
17:14:19    4055 --> ...                      [tcl] gui_sg_create "$_session_group_32"
17:14:19    4056 --> ...                          [tcl] set Group2 "$_session_group_32"
17:14:19    4057 --> ...                              [tcl] gui_sg_addsignal -group "$_session_group_32" { TestBench_tb.B TestBench_tb.A TestBench_tb.CIN TestBench_tb.S TestBench_tb.COUT TestBench_tb.i TestBench_tb.j }
17:14:19    4058 --> ...                                  [tcl] gui_set_radix -radix {decimal} -signals {Sim:TestBench_tb.i}
17:14:19    4059 --> ...                                      [tcl] gui_set_radix -radix {twosComplement} -signals {Sim:TestBench_tb.i}
17:14:19    4060 --> ...                                          [tcl] gui_set_radix -radix {decimal} -signals {Sim:TestBench_tb.j}
17:14:19    4061 --> ...                                              [tcl] gui_set_radix -radix {twosComplement} -signals {Sim:TestBench_tb.j}
17:14:19    4062 --> ...                                                  [tcl] # Global: Highlighting
17:14:19    4063 --> ...                                                      [tcl] # Global: Stack
17:14:19    4064 --> ...                                                          [tcl] gui_change_stack_mode -mode list
17:14:19    4065 --> ...                                                              [tcl] # Post database loading setting...
17:14:19    4066 --> ...                                                                  [tcl] # Save global setting...
17:14:19    4067 --> ...                                                                      [tcl] # Wave/List view global setting
17:14:19    4068 --> ...                                                                          [tcl] gui_cov_show_value -switch false
17:14:19    4069 --> ...                                                                              [tcl] # Close all empty TopLevel windows
17:14:19    4070 --> ...                                                                                  [tcl] foreach __top [gui_ekki_get_window_ids -type TopLevel] {     if { [llength [gui_ekki_get_window_ids -parent $__top]] == 0} {         gui_close_window -window $__top     } }
17:14:19    4071 --> ...                                                                                      [tcl] gui_set_loading_session_type noSession
17:14:19    4072 --> ...                                                                                          [tcl] # DVE View/pane content session:
17:14:19    4073 --> ...                                                                                              [tcl] # Hier 'Hier.1'
17:14:19    4074 --> ...                                                                                                  [tcl] gui_show_window -window ${Hier.1}
17:14:19    4075 --> ...  [tcl] gui_list_set_filter -id ${Hier.1} -list { {Package 1} {All 0} {Process 1} {VirtPowSwitch 0} {UnnamedProcess 1} {UDP 0} {Function 1} {Block 1} {OVA Unit 1} {LeafScCell 1} {LeafVlgCell 1} {Interface 1} {LeafVhdCell 1} {$unit 1} {NamedBlock 1} {Task 1} {VlgPackage 1} {ClassDef 1} {VirtIsoCell 0} }
17:14:19    4076 --> ...      [tcl] gui_list_set_filter -id ${Hier.1} -text {*}
17:14:19    4077 --> ...          [tcl] gui_change_design -id ${Hier.1} -design Sim
17:14:19    4078 --> ...              [tcl] gui_view_scroll -id ${Hier.1} -vertical -set 0
17:14:19    4079 --> ...                  [tcl] gui_view_scroll -id ${Hier.1} -horizontal -set 0
17:14:19    4080 --> ...                      [tcl] # Data 'Data.1'
17:14:19    4081 --> ...                          [tcl] gui_list_set_filter -id ${Data.1} -list { {Buffer 1} {Input 1} {Others 1} {Linkage 1} {Output 1} {LowPower 1} {Parameter 1} {All 1} {Aggregate 1} {LibBaseMember 1} {Event 1} {Assertion 1} {Constant 1} {Interface 1} {BaseMembers 1} {Signal 1} {$unit 1} {Inout 1} {Variable 1} }
17:14:19    4082 --> ...                              [tcl] gui_list_set_filter -id ${Data.1} -text {*}
17:14:19    4083 --> ...                                  [tcl] gui_list_show_data -id ${Data.1} {TestBench_tb}
17:14:19    4084 --> ...                                      [tcl] dveMisc::vbusExpand TestBench_tb
17:14:19    4085 --> ...                                          [tcl] gui_view_scroll -id ${Data.1} -vertical -set 0
17:14:19    4086 --> ...                                              [tcl] gui_view_scroll -id ${Data.1} -horizontal -set 0
17:14:19    4087 --> ...                                                  [tcl] gui_view_scroll -id ${Hier.1} -vertical -set 0
17:14:19    4088 --> ...                                                      [tcl] gui_view_scroll -id ${Hier.1} -horizontal -set 0
17:14:19    4089 --> ...                                                          [tcl] # Source 'Source.1'
17:14:19    4090 --> ...                                                              [tcl] gui_src_value_annotate -id ${Source.1} -switch false
17:14:19    4091 --> ...                                                                  [tcl] gui_set_env TOGGLE::VALUEANNOTATE 0
17:14:19    4092 --> ...                                                                      [tcl] gui_open_source -id ${Source.1}  -replace -active TestBench_tb /home1/msc30y20/Desktop/TestBench/Behavioral/./TestBench_tb.v
17:14:19    4093 --> ...                                                                          [tcl] gui_view_scroll -id ${Source.1} -vertical -set 217
17:14:19    4094 --> ...                                                                              [tcl] gui_src_set_reusable -id ${Source.1}
17:14:19    4095 --> ...                                                                                  [tcl] # View 'Wave.1'
17:14:19    4096 --> ...                                                                                      [tcl] gui_wv_sync -id ${Wave.1} -switch false
17:14:19    4097 --> ...                                                                                          [tcl] set groupExD [gui_get_pref_value -category Wave -key exclusiveSG]
17:14:19    4098 --> ...                                                                                              [tcl] gui_set_pref_value -category Wave -key exclusiveSG -value {false}
17:14:19    4099 --> ...                                                                                                  [tcl] set origWaveHeight [gui_get_pref_value -category Wave -key waveRowHeight]
17:14:19    4100 --> ...  [tcl] gui_list_set_height -id Wave -height 25
17:14:19    4101 --> ...      [tcl] set origGroupCreationState [gui_list_create_group_when_add -wave]
17:14:19    4102 --> ...          [tcl] gui_list_create_group_when_add -wave -disable
17:14:19    4103 --> ...              [tcl] gui_wv_zoom_timerange -id ${Wave.1} 2688 3012
17:14:19    4104 --> ...                  [tcl] gui_list_add_group -id ${Wave.1} -after {New Group} {Group2}
17:14:19    4105 --> ...                      [tcl] synopsys::dump -add {TestBench_tb.A TestBench_tb.B TestBench_tb.CIN TestBench_tb.COUT TestBench_tb.S TestBench_tb.i TestBench_tb.j } -aggregates  -fid VPD23
17:14:19    4106 --> ...                          [tcl] gui_list_select -id ${Wave.1} {TestBench_tb.S }
17:14:19    4107 --> ...                              [tcl] gui_seek_criteria -id ${Wave.1} {Any Edge}
17:14:19    4108 --> ...                                  [tcl] gui_set_env TOGGLE::DEFAULT_WAVE_WINDOW ${Wave.1}
17:14:19    4109 --> ...                                      [tcl] gui_set_pref_value -category Wave -key exclusiveSG -value $groupExD
17:14:19    4110 --> ...                                          [tcl] gui_list_set_height -id Wave -height $origWaveHeight
17:14:19    4111 --> ...                                              [tcl] if {$origGroupCreationState} { 	gui_list_create_group_when_add -wave -enable }
17:14:19    4112 --> ...                                                  [tcl] if { $groupExD } {  gui_msg_report -code DVWW028 }
17:14:19    4113 --> ...                                                      [tcl] gui_list_set_filter -id ${Wave.1} -list { {Buffer 1} {Input 1} {Others 1} {Linkage 1} {Output 1} {Parameter 1} {All 1} {Aggregate 1} {LibBaseMember 1} {Event 1} {Assertion 1} {Constant 1} {Interface 1} {BaseMembers 1} {Signal 1} {$unit 1} {Inout 1} {Variable 1} }
17:14:19    4114 --> ...                                                          [tcl] gui_list_set_filter -id ${Wave.1} -text {*}
17:14:19    4115 --> ...                                                              [tcl] gui_list_set_insertion_bar  -id ${Wave.1} -group Group2  -item TestBench_tb.CIN -position below
17:14:19    4116 --> ...                                                                  [tcl] gui_view_scroll -id ${Wave.1} -vertical -set 0
17:14:19    4117 --> ...                                                                      [tcl] gui_show_grid -id ${Wave.1} -enable false
17:14:19    4118 --> ...                                                                          [tcl] # Restore toplevel window zorder
17:14:19    4119 --> ...                                                                              [tcl] # The toplevel window could be closed if it has no view/pane
17:14:19    4120 --> ...                                                                                  [tcl] if {[gui_exist_window -window ${TopLevel.2}]} { 	gui_set_active_window -window ${TopLevel.2} 	gui_set_active_window -window ${Wave.1} }
17:14:19    4121 --> ...                                                                                      [tcl] if {[gui_exist_window -window ${TopLevel.1}]} { 	gui_set_active_window -window ${TopLevel.1} 	gui_set_active_window -window ${Source.1} }
17:14:20    4122 --> ...                                                                                          [tcl] #</Session>
17:21:03    4123 --> ...                                                                                              [tcl] if [catch {gui_sim_terminate}] {gui_sim_terminate -kill}
17:21:03    4124 --> ...                                                                                                  [tcl] synopsys::finish
17:21:03    4125 --> ...  [tcl] set ucliGUI::state
17:21:03    4126 --> ...      [tcl] set ucliGUI::state
17:21:03    4127 --> ...          [tcl] catch {senv activeDomain} dveMisc::result 
17:21:03    4128 --> ...              [tcl] set dveMisc::result
17:21:03    4129 --> ...                  [tcl] gui_update_simulator_buttons
17:21:03    4130 --> ...                      [tcl] catch {senv activeDomain} dveMisc::result 
17:21:03    4131 --> ...                          [tcl] set dveMisc::result
17:21:03    4132 --> ...                              [tcl] ucli_exit
