# Preference setting overrides
gui_set_pref_value -category {Globals} -key {app_default_font} -value {Helvetica,17,-1,5,50,0,0,0,0,0}
gui_set_pref_value -category {Globals} -key {app_fixed_width_font} -value {Courier [Ibm],16,-1,5,50,0,0,0,0,0}
gui_create_pref_key -category {Globals} -key {load_detail_for_funcov} -value_type {bool} -value {false}
gui_set_pref_value -category {Wave} -key {showgrid} -value {true}
gui_create_pref_category -category {dlg_settings}
gui_create_pref_key -category {dlg_settings} -key {tableWithImmediatePopup} -value_type {bool} -value {true}

# State setting overrides
gui_state_default_create -off -ini
gui_set_state_value -category Layout -key child_console_size_x -value 1579
gui_set_state_value -category Layout -key child_console_size_y -value 174
gui_set_state_value -category Layout -key child_data_coltype -value 80
gui_set_state_value -category Layout -key child_data_colvalue -value 12
gui_set_state_value -category Layout -key child_data_colvariable -value 159
gui_set_state_value -category Layout -key child_data_size_x -value 255
gui_set_state_value -category Layout -key child_data_size_y -value 818
gui_set_state_value -category Layout -key child_hier_col3 -value {-1}
gui_set_state_value -category Layout -key child_hier_colpd -value 0
gui_set_state_value -category Layout -key child_hier_size_x -value 164
gui_set_state_value -category Layout -key child_hier_size_y -value 818
gui_set_state_value -category Layout -key child_source_docknewline -value false
gui_set_state_value -category Layout -key child_source_pos_x -value {-2}
gui_set_state_value -category Layout -key child_source_pos_y -value {-18}
gui_set_state_value -category Layout -key child_source_size_x -value 1163
gui_set_state_value -category Layout -key child_source_size_y -value 814
gui_set_state_value -category Layout -key child_wave_colname -value 229
gui_set_state_value -category Layout -key child_wave_colvalue -value 230
gui_set_state_value -category Layout -key child_wave_left -value 463
gui_set_state_value -category Layout -key child_wave_right -value 1131
gui_set_state_value -category Layout -key main_pos_y -value 24
gui_set_state_value -category Layout -key main_size_x -value 1584
gui_set_state_value -category Layout -key main_size_y -value 1134
gui_set_state_value -category Layout -key stand_wave_child_docknewline -value false
gui_set_state_value -category Layout -key stand_wave_child_pos_x -value {-2}
gui_set_state_value -category Layout -key stand_wave_child_pos_y -value {-18}
gui_set_state_value -category Layout -key stand_wave_child_size_x -value 1604
gui_set_state_value -category Layout -key stand_wave_child_size_y -value 1002
gui_set_state_value -category Layout -key stand_wave_top_pos_x -value 5
gui_set_state_value -category Layout -key stand_wave_top_pos_y -value 24
gui_set_state_value -category Layout -key stand_wave_top_size_x -value 1604
gui_set_state_value -category Layout -key stand_wave_top_size_y -value 1148
gui_create_state_key -category FindDialog -key m_pMatchCase -value_type bool -value false
gui_create_state_key -category FindDialog -key m_pMatchWord -value_type bool -value false
gui_create_state_key -category FindDialog -key m_pUseCombo -value_type string -value {}
gui_create_state_key -category FindDialog -key m_pWrapAround -value_type bool -value true
gui_create_state_key -category Widget_History -key {dlgSimSetup|m_setupTab|tab pages|SimTab|m_VPDCombo} -value_type string -value inter.vpd
gui_create_state_key -category Widget_History -key {dlgSimSetup|m_setupTab|tab pages|SimTab|m_argsCombo} -value_type string -value {{-ucligui }}
gui_create_state_key -category Widget_History -key {dlgSimSetup|m_setupTab|tab pages|SimTab|m_curDirCombo} -value_type string -value {/home1/msc30y20/Desktop/TestBench/rtl /home1/msc30y20/Desktop/TestBench/Behavioral /home1/msc30y20/Desktop/Module3/Behavioral}
gui_create_state_key -category Widget_History -key {dlgSimSetup|m_setupTab|tab pages|SimTab|m_exeCombo} -value_type string -value {/home1/msc30y20/Desktop/TestBench/rtl/simv /home1/msc30y20/Desktop/TestBench/Behavioral/simv /home1/msc30y20/Desktop/Module3/Behavioral/simv}
gui_state_default_create -off

# Begin command logging
gui_sim_run Ucli -exe simv -args {-ucligui  } -dir .
gui_set_env SIMSETUP::SIMCURRENTDIR /home1/msc30y20/Desktop/TestBench/rtl
gui_sim_restart -build /home1/msc30y20/Desktop/TestBench/rtl/simv.daidir/vcs_rebuild
gui_list_select -id Data.1 -selected  { {TestBench_tb.i[31:0]}   }
gui_list_select -id Data.1 -selected  { {TestBench_tb.i[31:0]}  {TestBench_tb.j[31:0]}  TestBench_tb.S  TestBench_tb.COUT  TestBench_tb.CIN  TestBench_tb.A  TestBench_tb.B   }
gui_open_window Wave
gui_list_add -id Wave.1 -from Data.1 { {TestBench_tb.i[31:0]} {TestBench_tb.j[31:0]} TestBench_tb.S TestBench_tb.COUT TestBench_tb.CIN TestBench_tb.A TestBench_tb.B } -insertionbar
gui_sim_continue  
gui_sim_restart
gui_sim_continue  
gui_zoom -window Wave.1 -full
gui_sim_restart -build /home1/msc30y20/Desktop/TestBench/rtl/simv.daidir/vcs_rebuild
gui_sim_continue  
gui_zoom -window Wave.1 -full
gui_wv_zoom_timerange -id  Wave.1 0 5201311
gui_set_time_units 1ns
gui_set_time_units 10ps
gui_set_time_units 1ps
gui_wv_zoom_timerange -id  Wave.1 0 5678839
gui_wv_zoom_timerange -id  Wave.1 0 6034644
gui_wv_zoom_timerange -id  Wave.1 0 6385768
gui_zoom -window Wave.1 -full
gui_zoom -window Wave.1 -full
gui_zoom -window Wave.1 -full
gui_sim_restart
gui_zoom -window Wave.1 -full
gui_sim_continue  
gui_zoom -window Wave.1 -full
gui_zoom -window Wave.1 -factor 0.5
gui_zoom -window Wave.1 -full
gui_marker_move -id  Wave.1 C1 3555718
gui_set_time_units 1ns
gui_marker_move -id  Wave.1 C1 100
gui_sim_restart -build /home1/msc30y20/Desktop/TestBench/rtl/simv.daidir/vcs_rebuild
gui_sim_continue  
gui_zoom -window Wave.1 -full
gui_wv_zoom_timerange -id  Wave.1 0 6511.474
gui_wv_zoom_timerange -id  Wave.1 0 6610.777
gui_wv_zoom_timerange -id  Wave.1 0 6733.724
gui_zoom -window Wave.1 -full
gui_marker_move -id  Wave.1 C1 0
gui_marker_move -id  Wave.1 C1 100
gui_marker_move -id  Wave.1 C1 158.532
gui_marker_move -id  Wave.1 C1 152.692
gui_marker_move -id  Wave.1 C1 100
gui_marker_move -id  Wave.1 C1 4117.31
gui_sim_restart -build /home1/msc30y20/Desktop/TestBench/rtl/simv.daidir/vcs_rebuild
gui_sim_continue  
gui_zoom -window Wave.1 -full
gui_marker_move -id  Wave.1 C1 52.692
gui_marker_move -id  Wave.1 C1 3.736
gui_marker_move -id  Wave.1 C1 13.764
gui_marker_select -id  Wave.1 { C1 }
gui_marker_move -id  Wave.1 C1 100
gui_marker_move -id  Wave.1 C1 19.663
gui_zoom -window Wave.1 -factor 0.5
gui_marker_move -id  Wave.1 C1 1950
gui_marker_move -id  Wave.1 C1 750
gui_marker_move -id  Wave.1 C1 0
gui_zoom -window Wave.1 -full
gui_list_select -id Wave.1 -selected  { {TestBench_tb.i[31:0]}   }
gui_list_select -id Wave.1 -selected  {  }
gui_list_select -id Wave.1 -selected  { TestBench_tb.B   }
gui_list_move  -id  Wave.1    -sid  Wave.1   -after {TestBench_tb.j[31:0]} {{TestBench_tb.B}} 
gui_list_select -id Wave.1 -selected  { TestBench_tb.A   }
gui_list_move  -id  Wave.1    -sid  Wave.1   -after TestBench_tb.B {{TestBench_tb.A}} 
gui_list_select -id Wave.1 -selected  { TestBench_tb.CIN   }
gui_list_move  -id  Wave.1    -sid  Wave.1   -after TestBench_tb.A {{TestBench_tb.CIN}} 
gui_list_select -id Wave.1 -selected  { TestBench_tb.S   }
gui_sg_create  Group2 
gui_list_add_group -id  Wave.1   {Group2} 
gui_list_move  -id  Wave.1    -sid  Wave.1   -after Group2 {{TestBench_tb.S}}
gui_list_select -id Wave.1 -selected  { TestBench_tb.COUT   }
gui_list_move  -id  Wave.1    -sid  Wave.1   -after TestBench_tb.S {{TestBench_tb.COUT}} 
gui_marker_move -id  Wave.1 C1 397.191
gui_marker_move -id  Wave.1 C1 1726.404
gui_sim_restart -build /home1/msc30y20/Desktop/TestBench/rtl/simv.daidir/vcs_rebuild
gui_sim_continue  
gui_zoom -window Wave.1 -full
gui_marker_move -id  Wave.1 C1 366.257
gui_marker_move -id  Wave.1 C1 0
gui_list_select -id Wave.1 -selected  { TestBench_tb.S   }
gui_list_select -id Wave.1 -selected  {  }
gui_list_select -id Wave.1 -selected  { {TestBench_tb.i[31:0]}   }
gui_list_select -id Wave.1 -selected  { {TestBench_tb.i[31:0]}  {TestBench_tb.j[31:0]}   }
gui_list_select -id Wave.1 -selected  { {TestBench_tb.j[31:0]}   }
gui_list_select -id Wave.1 -selected  { {New Group}   }
gui_list_select -id Wave.1 -selected  {  }
gui_marker_move -id  Wave.1 C1 22.015
gui_marker_move -id  Wave.1 C1 4.003
gui_list_select -id Wave.1 -selected  { {TestBench_tb.i[31:0]}   }
gui_list_select -id Wave.1 -selected  { {TestBench_tb.i[31:0]}  {TestBench_tb.j[31:0]}   }
gui_list_select -id Wave.1 -selected  { {TestBench_tb.j[31:0]}   }
gui_list_select -id Wave.1 -selected  { {TestBench_tb.j[31:0]}  {TestBench_tb.i[31:0]}   }
gui_delete_selected -id  Wave.1
gui_list_select -id Wave.1 -selected  { TestBench_tb.B   }
gui_list_select -id Wave.1 -selected  { {New Group}   }
gui_close_window -window TopLevel.2
