/net/numnum/silo3/synopsys/D-2010.03/syn_vD-2010.03-SP2/auxx/gui/dv/dv_setup.tcl
/net/numnum/silo3/synopsys/D-2010.03/syn_vD-2010.03-SP2/auxx/gui/syn/snpsSynProcs.tcl
/net/numnum/silo3/synopsys/D-2010.03/syn_vD-2010.03-SP2/auxx/tcllib/lib/tcl8.4/package.tcl
/net/numnum/silo3/synopsys/D-2010.03/syn_vD-2010.03-SP2/auxx/gui/syn/layout/pkgIndex.tcl
/net/numnum/silo3/synopsys/D-2010.03/syn_vD-2010.03-SP2/auxx/gui/common/WindowFrameWork/pkgIndex.tcl
/net/numnum/silo3/synopsys/D-2010.03/syn_vD-2010.03-SP2/auxx/gui/common/dialogs/pkgIndex.tcl
/net/numnum/silo3/synopsys/D-2010.03/syn_vD-2010.03-SP2/auxx/gui/common/docBrowser/pkgIndex.tcl
/net/numnum/silo3/synopsys/D-2010.03/syn_vD-2010.03-SP2/auxx/gui/common/fanoutviewer/pkgIndex.tcl
/net/numnum/silo3/synopsys/D-2010.03/syn_vD-2010.03-SP2/auxx/gui/common/hierarchy/pkgIndex.tcl
/net/numnum/silo3/synopsys/D-2010.03/syn_vD-2010.03-SP2/auxx/gui/common/highlight/pkgIndex.tcl
/net/numnum/silo3/synopsys/D-2010.03/syn_vD-2010.03-SP2/auxx/gui/common/histogram/pkgIndex.tcl
/net/numnum/silo3/synopsys/D-2010.03/syn_vD-2010.03-SP2/auxx/gui/common/layout/pkgIndex.tcl
/net/numnum/silo3/synopsys/D-2010.03/syn_vD-2010.03-SP2/auxx/gui/common/libviewer/pkgIndex.tcl
/net/numnum/silo3/synopsys/D-2010.03/syn_vD-2010.03-SP2/auxx/gui/common/menus/pkgIndex.tcl
/net/numnum/silo3/synopsys/D-2010.03/syn_vD-2010.03-SP2/auxx/gui/common/misc/pkgIndex.tcl
/net/numnum/silo3/synopsys/D-2010.03/syn_vD-2010.03-SP2/auxx/gui/common/opdlg/pkgIndex.tcl
/net/numnum/silo3/synopsys/D-2010.03/syn_vD-2010.03-SP2/auxx/gui/common/pathinspector/pkgIndex.tcl
/net/numnum/silo3/synopsys/D-2010.03/syn_vD-2010.03-SP2/auxx/gui/common/profiler/pkgIndex.tcl
/net/numnum/silo3/synopsys/D-2010.03/syn_vD-2010.03-SP2/auxx/gui/common/qtcl/pkgIndex.tcl
/net/numnum/silo3/synopsys/D-2010.03/syn_vD-2010.03-SP2/auxx/gui/common/regressionToolkit/pkgIndex.tcl
/net/numnum/silo3/synopsys/D-2010.03/syn_vD-2010.03-SP2/auxx/gui/common/schematic/pkgIndex.tcl
/net/numnum/silo3/synopsys/D-2010.03/syn_vD-2010.03-SP2/auxx/gui/common/select/pkgIndex.tcl
/net/numnum/silo3/synopsys/D-2010.03/syn_vD-2010.03-SP2/auxx/gui/common/setup/pkgIndex.tcl
/net/numnum/silo3/synopsys/D-2010.03/syn_vD-2010.03-SP2/auxx/gui/common/strokes/pkgIndex.tcl
/net/numnum/silo3/synopsys/D-2010.03/syn_vD-2010.03-SP2/auxx/gui/common/table/pkgIndex.tcl
/net/numnum/silo3/synopsys/D-2010.03/syn_vD-2010.03-SP2/auxx/gui/common/tcl-dp/pkgIndex.tcl
/net/numnum/silo3/synopsys/D-2010.03/syn_vD-2010.03-SP2/auxx/gui/common/view/pkgIndex.tcl
/net/numnum/silo3/synopsys/D-2010.03/syn_vD-2010.03-SP2/auxx/tcllib/snps_tcl/snpsTclPro/pkgIndex.tcl
/net/numnum/silo3/synopsys/D-2010.03/syn_vD-2010.03-SP2/auxx/tcllib/snps_tcl/snpsTest/pkgIndex.tcl
/net/numnum/silo3/synopsys/D-2010.03/syn_vD-2010.03-SP2/auxx/tcllib/snps_tcl/snpsUtils/pkgIndex.tcl
/net/numnum/silo3/synopsys/D-2010.03/syn_vD-2010.03-SP2/auxx/tcllib/lib/tcl8.4/dde/pkgIndex.tcl
/net/numnum/silo3/synopsys/D-2010.03/syn_vD-2010.03-SP2/auxx/tcllib/lib/tcl8.4/http/pkgIndex.tcl
/net/numnum/silo3/synopsys/D-2010.03/syn_vD-2010.03-SP2/auxx/tcllib/lib/tcl8.4/http1.0/pkgIndex.tcl
/net/numnum/silo3/synopsys/D-2010.03/syn_vD-2010.03-SP2/auxx/tcllib/lib/tcl8.4/msgcat/pkgIndex.tcl
/net/numnum/silo3/synopsys/D-2010.03/syn_vD-2010.03-SP2/auxx/tcllib/lib/tcl8.4/opt/pkgIndex.tcl
/net/numnum/silo3/synopsys/D-2010.03/syn_vD-2010.03-SP2/auxx/tcllib/lib/tcl8.4/reg/pkgIndex.tcl
/net/numnum/silo3/synopsys/D-2010.03/syn_vD-2010.03-SP2/auxx/tcllib/lib/tcl8.4/tcltest/pkgIndex.tcl
/net/numnum/silo3/synopsys/D-2010.03/syn_vD-2010.03-SP2/auxx/gui/common/setup/snpsCommonSetup.tcl
/net/numnum/silo3/synopsys/D-2010.03/syn_vD-2010.03-SP2/auxx/gui/common/setup/snpsCustomize.tcl
/net/numnum/silo3/synopsys/D-2010.03/syn_vD-2010.03-SP2/auxx/gui/common/setup/snpsProcheck.tcl
/net/numnum/silo3/synopsys/D-2010.03/syn_vD-2010.03-SP2/auxx/gui/common/qtcl/.synopsys_qtcl.tcl
/net/numnum/silo3/synopsys/D-2010.03/syn_vD-2010.03-SP2/auxx/gui/common/highlight/highlight.tcl
/net/numnum/silo3/synopsys/D-2010.03/syn_vD-2010.03-SP2/auxx/gui/common/misc/base.tcl
/net/numnum/silo3/synopsys/D-2010.03/syn_vD-2010.03-SP2/auxx/gui/common/misc/timing.tcl
/net/numnum/silo3/synopsys/D-2010.03/syn_vD-2010.03-SP2/auxx/gui/common/misc/setting.tcl
/net/numnum/silo3/synopsys/D-2010.03/syn_vD-2010.03-SP2/auxx/gui/common/docBrowser/docBrowser.tcl
/net/numnum/silo3/synopsys/D-2010.03/syn_vD-2010.03-SP2/auxx/tcllib/snps_tcl/snpsUtils/snpsUtils.tcl
/net/numnum/silo3/synopsys/D-2010.03/syn_vD-2010.03-SP2/auxx/gui/common/WindowFrameWork/windowFrameWork.tcl
/net/numnum/silo3/synopsys/D-2010.03/syn_vD-2010.03-SP2/auxx/gui/common/WindowFrameWork/skipBusyCursorCmdList.tcl
/net/numnum/silo3/synopsys/D-2010.03/syn_vD-2010.03-SP2/auxx/gui/common/dialogs/ObjectChooser.tcl
/net/numnum/silo3/synopsys/D-2010.03/syn_vD-2010.03-SP2/auxx/gui/common/misc/DialogObjectChooser.tcl
/net/numnum/silo3/synopsys/D-2010.03/syn_vD-2010.03-SP2/auxx/gui/common/dialogs/HistBinInformation.tcl
/net/numnum/silo3/synopsys/D-2010.03/syn_vD-2010.03-SP2/auxx/gui/common/dialogs/HistBin1Information.tcl
/net/numnum/silo3/synopsys/D-2010.03/syn_vD-2010.03-SP2/auxx/gui/common/dialogs/BinsOnlyInformation.tcl
/net/numnum/silo3/synopsys/D-2010.03/syn_vD-2010.03-SP2/auxx/gui/common/dialogs/FileChooser.tcl
/net/numnum/silo3/synopsys/D-2010.03/syn_vD-2010.03-SP2/auxx/gui/common/dialogs/PathPinSimpleInfo.tcl
/net/numnum/silo3/synopsys/D-2010.03/syn_vD-2010.03-SP2/auxx/gui/common/dialogs/PathsBasicInfo.tcl
/net/numnum/silo3/synopsys/D-2010.03/syn_vD-2010.03-SP2/auxx/gui/common/dialogs/PathsBasicSimpleInfo.tcl
/net/numnum/silo3/synopsys/D-2010.03/syn_vD-2010.03-SP2/auxx/gui/common/dialogs/SlctOperationInfo.tcl
/net/numnum/silo3/synopsys/D-2010.03/syn_vD-2010.03-SP2/auxx/gui/common/dialogs/ObjectListInfo.tcl
/net/numnum/silo3/synopsys/D-2010.03/syn_vD-2010.03-SP2/auxx/gui/common/dialogs/FanInOutInfo.tcl
/net/numnum/silo3/synopsys/D-2010.03/syn_vD-2010.03-SP2/auxx/gui/common/dialogs/NumberOfLevelsChooser.tcl
/net/numnum/silo3/synopsys/D-2010.03/syn_vD-2010.03-SP2/auxx/gui/common/dialogs/WindowReuseInfo.tcl
/net/numnum/silo3/synopsys/D-2010.03/syn_vD-2010.03-SP2/auxx/gui/common/dialogs/ReportOutputOptionInfo.tcl
/net/numnum/silo3/synopsys/D-2010.03/syn_vD-2010.03-SP2/auxx/gui/common/setup/snpsCollections.tcl
/net/numnum/silo3/synopsys/D-2010.03/syn_vD-2010.03-SP2/auxx/gui/common/dialogs/CompileLinkDesign.tcl
/net/numnum/silo3/synopsys/D-2010.03/syn_vD-2010.03-SP2/auxx/gui/common/histogram/DialogEndpointSlack.tcl
/net/numnum/silo3/synopsys/D-2010.03/syn_vD-2010.03-SP2/auxx/gui/common/histogram/DialogPathsSlack.tcl
/net/numnum/silo3/synopsys/D-2010.03/syn_vD-2010.03-SP2/auxx/gui/common/histogram/DialogNetCapacitance.tcl
/net/numnum/silo3/synopsys/D-2010.03/syn_vD-2010.03-SP2/auxx/gui/common/schematic/DialogPathSchematicFanInOut.tcl
/net/numnum/silo3/synopsys/D-2010.03/syn_vD-2010.03-SP2/auxx/gui/common/schematic/DialogPathSchematicAddPaths.tcl
/net/vlsiserver/usr1/library/AMS/AMS_4.1_CDS/synopsys/c35_3.3V/c35_CORELIB_WC.db
/net/vlsiserver/usr1/library/AMS/AMS_4.1_CDS/synopsys/c35_3.3V/c35_IOLIB_WC.db
/net/vlsiserver/usr1/library/AMS/AMS_4.1_CDS/synopsys/c35_3.3V/c35_IOLIBV5_WC.db
/net/numnum/silo3/synopsys/D-2010.03/syn_vD-2010.03-SP2/libraries/syn/dw_foundation.sldb
/net/numnum/silo3/synopsys/D-2010.03/syn_vD-2010.03-SP2/libraries/syn/gtech.db
/net/numnum/silo3/synopsys/D-2010.03/syn_vD-2010.03-SP2/libraries/syn/standard.sldb
/home/rachong/Synopsys_Workstation/VCS/TUM_NTUCourse/Module4/Pre_RTL/Syn_FullAdder.v
inter.saif
